c:\users\user\onedrive\桌面\junior\cg\hw2\as2_framework\as2_framework\vc14\debug\as2_framework.exe
c:\users\user\onedrive\桌面\junior\cg\hw2\as2_framework\as2_framework\vc14\debug\as2_framework.ilk
c:\users\user\onedrive\桌面\junior\cg\hw2\as2_framework\as2_framework\vc14\debug\as2_framework.pdb
c:\users\user\onedrive\桌面\junior\cg\as2_framework\vc14\debug\as2_framework.exe
c:\users\user\onedrive\桌面\junior\cg\as2_framework\vc14\debug\as2_framework.ilk
c:\users\user\onedrive\桌面\junior\cg\as2_framework\vc14\debug\as2_framework.pdb
c:\users\user\onedrive\桌面\junior\cg\107062309_as2\vc14\debug\as2_framework.exe
c:\users\user\onedrive\桌面\junior\cg\107062309_as2\vc14\debug\as2_framework.ilk
c:\users\user\onedrive\桌面\junior\cg\107062309_as2\vc14\debug\as2_framework.pdb
c:\users\user\onedrive\桌面\junior\cg\hw2\as2_framework\as2_framework\vc14\debug\vc141.pdb
c:\users\user\onedrive\桌面\junior\cg\hw2\as2_framework\as2_framework\vc14\debug\vc141.idb
c:\users\user\onedrive\桌面\junior\cg\hw2\as2_framework\as2_framework\vc14\debug\header_only.obj
c:\users\user\onedrive\桌面\junior\cg\hw2\as2_framework\as2_framework\vc14\debug\main.obj
c:\users\user\onedrive\桌面\junior\cg\as2_framework\vc14\debug\vc141.pdb
c:\users\user\onedrive\桌面\junior\cg\as2_framework\vc14\debug\vc141.idb
c:\users\user\onedrive\桌面\junior\cg\as2_framework\vc14\debug\main.obj
c:\users\user\onedrive\桌面\junior\cg\as2_framework\vc14\debug\header_only.obj
c:\users\user\onedrive\桌面\junior\cg\107062309_as2\vc14\debug\vc141.pdb
c:\users\user\onedrive\桌面\junior\cg\107062309_as2\vc14\debug\vc141.idb
c:\users\user\onedrive\桌面\junior\cg\107062309_as2\vc14\debug\main.obj
c:\users\user\onedrive\桌面\junior\cg\107062309_as2\vc14\debug\header_only.obj
g:\我的雲端硬碟\junior\cg\107062309_as2_v2\vc14\debug\main.obj
g:\我的雲端硬碟\junior\cg\107062309_as2_v2\vc14\debug\header_only.obj
g:\我的雲端硬碟\junior\cg\107062309_as2_v2\vc14\debug\main.obj.enc
g:\我的雲端硬碟\junior\cg\107062309_as2_v2\vc14\debug\as2_framework.ilk
g:\我的雲端硬碟\junior\cg\107062309_as2_v2\vc14\debug\vc141.idb
g:\我的雲端硬碟\junior\cg\107062309_as2_v2\vc14\debug\vc141.pdb
g:\我的雲端硬碟\junior\cg\107062309_as2_v2\vc14\debug\as2_framework.pdb
g:\我的雲端硬碟\junior\cg\107062309_as2_v2\vc14\debug\as2_framework.exe
g:\我的雲端硬碟\junior\cg\107062309_as2_v2\vc14\debug\as2_framework.tlog\link.read.1.tlog
g:\我的雲端硬碟\junior\cg\107062309_as2_v2\vc14\debug\as2_framework.tlog\link.write.1.tlog
g:\我的雲端硬碟\junior\cg\107062309_as2_v2\vc14\debug\as2_framework.tlog\link.command.1.tlog
g:\我的雲端硬碟\junior\cg\107062309_as2_v2\vc14\debug\as2_framework.tlog\cl.write.1.tlog
g:\我的雲端硬碟\junior\cg\107062309_as2_v2\vc14\debug\as2_framework.tlog\cl.read.1.tlog
g:\我的雲端硬碟\junior\cg\107062309_as2_v2\vc14\debug\as2_framework.tlog\cl.command.1.tlog
